date: "2014-08-14 09:12:18.653"
argv: node /usr/local/bin/hexo g --debug
os: Darwin 13.3.0 darwin x64
versions:
  http_parser: "1.0"
  node: 0.10.29
  v8: 3.14.5.9
  ares: 1.9.0-DEV
  uv: 0.10.27
  zlib: 1.2.3
  modules: "11"
  openssl: 1.0.1h
  hexo: 2.8.2
---
[debug] 09:12:18.887 Config file loaded from /Users/mac/GitHub/hexo-laispace.github.io/_config.yml
[debug] 09:12:18.893 Version info checked successfully
[debug] 09:12:18.911 Loading database.
[debug] 09:12:18.982 Processed: draft.md (2ms)
[debug] 09:12:18.982 Processed: page.md (1ms)
[debug] 09:12:18.983 Processed: photo.md (2ms)
[debug] 09:12:18.983 Processed: post.md (2ms)
[debug] 09:12:19.212 Plugin loaded successfully: hexo-console-optimize
[debug] 09:12:19.229 Plugin loaded successfully: hexo-generator-feed
[debug] 09:12:19.311 Plugin loaded successfully: hexo-generator-minify
[debug] 09:12:19.327 Plugin loaded successfully: hexo-generator-sitemap
[debug] 09:12:19.342 Plugin loaded successfully: hexo-renderer-ejs
[debug] 09:12:19.360 Plugin loaded successfully: hexo-renderer-marked
[debug] 09:12:19.503 Plugin loaded successfully: hexo-renderer-stylus
[debug] 09:12:19.505 Script load successfully: test.js
[debug] 09:12:19.506 Script load successfully: fancybox.js
[debug] 09:12:19.535 Processed: favicon.ico (2ms)
[debug] 09:12:19.538 Processed: about/index.md (3ms)
[debug] 09:12:19.543 Processed: _posts/2012-10-24-改变光标的样式.md (5ms)
[debug] 09:12:19.544 Processed: _posts/2012-10-25-几个小练习.md (0ms)
[debug] 09:12:19.545 Processed: _posts/2012-10-26-下拉菜单和标签页效果.md (0ms)
[debug] 09:12:19.546 Processed: _posts/2012-10-29-光标悬浮时其他区域变暗.md (1ms)
[debug] 09:12:19.546 Processed: _posts/2012-10-30-CSS3写动态进度条.md (0ms)
[debug] 09:12:19.547 Processed: _posts/2012-10-31-动态划出窗口信息.md (0ms)
[debug] 09:12:19.548 Processed: _posts/2012-11-03-网页中间弹出文本框.md (0ms)
[debug] 09:12:19.549 Processed: _posts/2012-11-05-瀑布流效果.md (1ms)
[debug] 09:12:19.550 Processed: _posts/2012-11-06-仿Win8界面.md (1ms)
[debug] 09:12:19.551 Processed: _posts/2012-11-11-CSS3几个新属性的测试.md (1ms)
[debug] 09:12:19.552 Processed: _posts/2012-11-12-CSS剪贴图像的几种方法 .md (1ms)
[debug] 09:12:19.553 Processed: _posts/2012-11-13-网页div浮动布局CSS3属性尝试.md (1ms)
[debug] 09:12:19.554 Processed: _posts/2012-12-仿学校官网主页.md (1ms)
[debug] 09:12:19.556 Processed: _posts/2012-12-新练习 .md (2ms)
[debug] 09:12:19.558 Processed: _posts/2012文教夏令营.md (2ms)
[debug] 09:12:19.559 Processed: _posts/2013-03-CSS和JQuery下拉菜单练习.md (1ms)
[debug] 09:12:19.560 Processed: _posts/2013-03-CSS和JQuery多方式Tab练习.md (1ms)
[debug] 09:12:19.561 Processed: _posts/2013-03-jquery.ajax()表单验证练习.md (1ms)
[debug] 09:12:19.562 Processed: _posts/2013-04-鼠标悬浮图片出现描述信息.md (1ms)
[debug] 09:12:19.564 Processed: _posts/2013-05-瀑布流效果的制作.md (1ms)
[debug] 09:12:19.565 Processed: _posts/2013，顾自地来了.md (1ms)
[debug] 09:12:19.566 Processed: _posts/2014-07-好文阅读点评.md (1ms)
[debug] 09:12:19.567 Processed: _posts/Base-64-编码.md (1ms)
[debug] 09:12:19.569 Processed: _posts/CSS最佳实践.md (2ms)
[debug] 09:12:19.570 Processed: _posts/CSS碎片积累.md (1ms)
[debug] 09:12:19.571 Processed: _posts/Cookies学习笔记.md (1ms)
[debug] 09:12:19.572 Processed: _posts/Git 学习笔记.md (1ms)
[debug] 09:12:19.573 Processed: _posts/Git-fork-别人的项目后更新代码的方法.md (1ms)
[debug] 09:12:19.575 Processed: _posts/Goagent使用心得.md (1ms)
[debug] 09:12:19.576 Processed: _posts/HTML5-WebSocket API 学习.md (1ms)
[debug] 09:12:19.577 Processed: _posts/HTML5与CSS3-新特性尝试.md (1ms)
[debug] 09:12:19.579 Processed: _posts/HTML5移动开发方案探索.md (2ms)
[debug] 09:12:19.580 Processed: _posts/JQuery常用方法.md (1ms)
[debug] 09:12:19.582 Processed: _posts/JSON数据类型的学习.md (2ms)
[debug] 09:12:19.586 Processed: _posts/Javascript 异步加载.md (4ms)
[debug] 09:12:19.588 Processed: _posts/Javascript 闭包的学习.md (2ms)
[debug] 09:12:19.590 Processed: _posts/Javascript碎片积累.md (2ms)
[debug] 09:12:19.592 Processed: _posts/Karma-和-Jasmine-学习笔记.md (2ms)
[debug] 09:12:19.594 Processed: _posts/MEANJS-学习笔记.md (2ms)
[debug] 09:12:19.595 Processed: _posts/Mac OS 下MySQL配置与乱码解决.md (1ms)
[debug] 09:12:19.597 Processed: _posts/Meta标签属性学习.md (1ms)
[debug] 09:12:19.599 Processed: _posts/MongoDB入门-CRUD简单操作 .md (2ms)
[debug] 09:12:19.600 Processed: _posts/NODE-写一个socket.io聊天室.md (1ms)
[debug] 09:12:19.603 Processed: _posts/NODE-调试方法.md (3ms)
[debug] 09:12:19.605 Processed: _posts/NODE入门-learnyounode练习.md (2ms)
[debug] 09:12:19.607 Processed: _posts/NODE入门-一些常用的DNS模块.md (2ms)
[debug] 09:12:19.608 Processed: _posts/NODE入门-简单爬虫.md (1ms)
[debug] 09:12:19.610 Processed: _posts/NODE入门-简单的文件管理器.md (2ms)
[debug] 09:12:19.613 Processed: _posts/NPM SSL错误的解决.md (1ms)
[debug] 09:12:19.615 Processed: _posts/NPM-update--g-错误的解决.md (1ms)
[debug] 09:12:19.617 Processed: _posts/PhoneGap入门-用Ionic+Angular创建Hybrid应用.md (2ms)
[debug] 09:12:19.618 Processed: _posts/Sass-学习笔记.md (1ms)
[debug] 09:12:19.620 Processed: _posts/Velocity-学习笔记.md (1ms)
[debug] 09:12:19.622 Processed: _posts/XMLHttpRequest-对象新特性.md (2ms)
[debug] 09:12:19.624 Processed: _posts/express提供的中间件.md (2ms)
[debug] 09:12:19.626 Processed: _posts/git笔记.md (2ms)
[debug] 09:12:19.628 Processed: _posts/grunt_学习笔记.md (2ms)
[debug] 09:12:19.630 Processed: _posts/html5-file-api-e5ada6e4b9a0.md (1ms)
[debug] 09:12:19.633 Processed: _posts/html5-新特性尝鲜.md (2ms)
[debug] 09:12:19.635 Processed: _posts/jQuery动画函数animate()的学习.md (2ms)
[debug] 09:12:19.637 Processed: _posts/jQuery碎片积累.md (2ms)
[debug] 09:12:19.639 Processed: _posts/javascript-e69c80e4bdb3e5ae9ee8b7b5.md (2ms)
[debug] 09:12:19.641 Processed: _posts/learnyounode-练习.md (2ms)
[debug] 09:12:19.643 Processed: _posts/linux_学习笔记.md (2ms)
[debug] 09:12:19.646 Processed: _posts/lodashjs-学习笔记.md (3ms)
[debug] 09:12:19.649 Processed: _posts/meta-viewport-标签.md (2ms)
[debug] 09:12:19.651 Processed: _posts/momentjs-学习笔记.md (2ms)
[debug] 09:12:19.653 Processed: _posts/mongodb-学习笔记.md (2ms)
[debug] 09:12:19.655 Processed: _posts/mongoose-学习笔记.md (2ms)
[debug] 09:12:19.657 Processed: _posts/nodejs-buffer对象.md (2ms)
[debug] 09:12:19.659 Processed: _posts/nodejs-fs模块操作文件系统.md (2ms)
[debug] 09:12:19.661 Processed: _posts/nodejs-编写命令行脚本.md (2ms)
[debug] 09:12:19.667 Processed: _posts/nodejs-进程与子进程.md (6ms)
[debug] 09:12:19.669 Processed: _posts/nodejs常用模块.md (2ms)
[debug] 09:12:19.671 Processed: _posts/svn-常用命令.md (2ms)
[debug] 09:12:19.673 Processed: _posts/ubuntu下部署nodejs+mongodb.md (2ms)
[debug] 09:12:19.675 Processed: _posts/web前端开发入门提高 js书籍.md (2ms)
[debug] 09:12:19.677 Processed: _posts/《JavaScript精粹》笔记.md (2ms)
[debug] 09:12:19.680 Processed: _posts/wordpress for SAE 搬家心得.md (3ms)
[debug] 09:12:19.683 Processed: _posts/《锋利的JQuery》笔记.md (3ms)
[debug] 09:12:19.686 Processed: _posts/【译】HTML5-prefetch.md (3ms)
[debug] 09:12:19.688 Processed: _posts/一通懒觉引发的心理革命.md (2ms)
[debug] 09:12:19.691 Processed: _posts/人在囧途.md (3ms)
[debug] 09:12:19.693 Processed: _posts/使用CSS3的filter属性实现模糊效果.md (2ms)
[debug] 09:12:19.696 Processed: _posts/使用_formdata_模拟表单控件.md (2ms)
[debug] 09:12:19.698 Processed: _posts/使用net模块创建tcp服务器.md (2ms)
[debug] 09:12:19.700 Processed: _posts/写在2012暑假.md (2ms)
[debug] 09:12:19.703 Processed: _posts/创建http:https服务器与客户端.md (3ms)
[debug] 09:12:19.706 Processed: _posts/初探Javascript的Device API.md (2ms)
[debug] 09:12:19.709 Processed: _posts/前端工具收集.md (2ms)
[debug] 09:12:19.712 Processed: _posts/图片预加载和判断图片是否加载完成.md (2ms)
[debug] 09:12:19.714 Processed: _posts/圣诞贺卡-世界末日-冬至-想家.md (2ms)
[debug] 09:12:19.716 Processed: _posts/坎坷大学路-大三下.md (2ms)
[debug] 09:12:19.719 Processed: _posts/坎坷大学路.md (2ms)
[debug] 09:12:19.721 Processed: _posts/天酬勤·笨先飞.md (2ms)
[debug] 09:12:19.724 Processed: _posts/小赖的职业生涯规划书.md (3ms)
[debug] 09:12:19.726 Processed: _posts/正则表达式.md (2ms)
[debug] 09:12:19.730 Processed: _posts/用MySQLdb包连接数据库.md (3ms)
[debug] 09:12:19.733 Processed: _posts/第二通懒觉引发的心里革命.md (3ms)
[debug] 09:12:19.736 Processed: _posts/绝对有惊喜！！！.md (3ms)
[debug] 09:12:19.738 Processed: _posts/编写爬虫会使用到的一些模块.md (2ms)
[debug] 09:12:19.744 Processed: _posts/读书笔记-程序员的思维修炼.md (5ms)
[debug] 09:12:19.748 Processed: _posts/阻止元素被选中及清除选中的方法.md (3ms)
[debug] 09:12:19.760 Processed: source/js/script.js (0ms)
[debug] 09:12:19.761 Processed: source/css/_extend.styl (1ms)
[debug] 09:12:19.761 Processed: source/css/_variables.styl (0ms)
[debug] 09:12:19.761 Processed: source/css/style.styl (0ms)
[debug] 09:12:19.761 Processed: source/css/_partial/archive.styl (0ms)
[debug] 09:12:19.761 Processed: source/css/_partial/article.styl (0ms)
[debug] 09:12:19.762 Processed: source/css/_partial/comment.styl (0ms)
[debug] 09:12:19.762 Processed: source/css/_partial/footer.styl (0ms)
[debug] 09:12:19.762 Processed: source/css/_partial/header.styl (0ms)
[debug] 09:12:19.762 Processed: source/css/_partial/highlight.styl (0ms)
[debug] 09:12:19.763 Processed: source/css/_partial/mobile.styl (0ms)
[debug] 09:12:19.763 Processed: source/css/_partial/sidebar-aside.styl (0ms)
[debug] 09:12:19.763 Processed: source/css/_partial/sidebar-bottom.styl (0ms)
[debug] 09:12:19.764 Processed: source/css/_partial/sidebar.styl (0ms)
[debug] 09:12:19.764 Processed: source/css/_util/grid.styl (0ms)
[debug] 09:12:19.764 Processed: source/css/_util/mixin.styl (0ms)
[debug] 09:12:19.764 Processed: source/css/fonts/FontAwesome.otf (0ms)
[debug] 09:12:19.765 Processed: source/css/fonts/fontawesome-webfont.eot (0ms)
[debug] 09:12:19.765 Processed: source/css/fonts/fontawesome-webfont.svg (0ms)
[debug] 09:12:19.765 Processed: source/css/fonts/fontawesome-webfont.ttf (0ms)
[debug] 09:12:19.765 Processed: source/css/fonts/fontawesome-webfont.woff (0ms)
[debug] 09:12:19.766 Processed: source/css/images/banner.jpg (1ms)
[debug] 09:12:19.766 Processed: source/fancybox/blank.gif (0ms)
[debug] 09:12:19.767 Processed: source/fancybox/fancybox_loading.gif (1ms)
[debug] 09:12:19.767 Processed: source/fancybox/fancybox_loading@2x.gif (0ms)
[debug] 09:12:19.767 Processed: source/fancybox/fancybox_overlay.png (0ms)
[debug] 09:12:19.767 Processed: source/fancybox/fancybox_sprite.png (0ms)
[debug] 09:12:19.768 Processed: source/fancybox/fancybox_sprite@2x.png (1ms)
[debug] 09:12:19.768 Processed: source/fancybox/jquery.fancybox.css (0ms)
[debug] 09:12:19.768 Processed: source/fancybox/jquery.fancybox.js (0ms)
[debug] 09:12:19.768 Processed: source/fancybox/jquery.fancybox.pack.js (0ms)
[debug] 09:12:19.768 Processed: source/fancybox/helpers/fancybox_buttons.png (0ms)
[debug] 09:12:19.769 Processed: source/fancybox/helpers/jquery.fancybox-buttons.css (1ms)
[debug] 09:12:19.769 Processed: source/fancybox/helpers/jquery.fancybox-buttons.js (0ms)
[debug] 09:12:19.769 Processed: source/fancybox/helpers/jquery.fancybox-media.js (0ms)
[debug] 09:12:19.769 Processed: source/fancybox/helpers/jquery.fancybox-thumbs.css (0ms)
[debug] 09:12:19.769 Processed: source/fancybox/helpers/jquery.fancybox-thumbs.js (0ms)
[debug] 09:12:19.772 Processed: layout/archive.ejs (16ms)
[debug] 09:12:19.772 Processed: layout/category.ejs (16ms)
[debug] 09:12:19.772 Processed: layout/index.ejs (15ms)
[debug] 09:12:19.772 Processed: layout/layout.ejs (15ms)
[debug] 09:12:19.772 Processed: layout/page.ejs (15ms)
[debug] 09:12:19.773 Processed: layout/post.ejs (16ms)
[debug] 09:12:19.773 Processed: layout/tag.ejs (16ms)
[debug] 09:12:19.773 Processed: layout/_widget/archive.ejs (16ms)
[debug] 09:12:19.773 Processed: layout/_widget/category.ejs (16ms)
[debug] 09:12:19.773 Processed: layout/_widget/recent_posts.ejs (16ms)
[debug] 09:12:19.773 Processed: layout/_widget/tag.ejs (15ms)
[debug] 09:12:19.773 Processed: layout/_widget/tagcloud.ejs (15ms)
[debug] 09:12:19.773 Processed: layout/_partial/after-footer.ejs (15ms)
[debug] 09:12:19.773 Processed: layout/_partial/archive-post.ejs (15ms)
[debug] 09:12:19.774 Processed: layout/_partial/archive.ejs (16ms)
[debug] 09:12:19.774 Processed: layout/_partial/article.ejs (16ms)
[debug] 09:12:19.774 Processed: layout/_partial/footer.ejs (16ms)
[debug] 09:12:19.774 Processed: layout/_partial/google-analytics.ejs (16ms)
[debug] 09:12:19.774 Processed: layout/_partial/head.ejs (16ms)
[debug] 09:12:19.774 Processed: layout/_partial/header.ejs (16ms)
[debug] 09:12:19.774 Processed: layout/_partial/mobile-nav.ejs (16ms)
[debug] 09:12:19.774 Processed: layout/_partial/nav.ejs (16ms)
[debug] 09:12:19.774 Processed: layout/_partial/sidebar.ejs (15ms)
[debug] 09:12:19.775 Processed: layout/_partial/post/category.ejs (16ms)
[debug] 09:12:19.775 Processed: layout/_partial/post/date.ejs (16ms)
[debug] 09:12:19.775 Processed: layout/_partial/post/gallery.ejs (16ms)
[debug] 09:12:19.775 Processed: layout/_partial/post/nav.ejs (16ms)
[debug] 09:12:19.775 Processed: layout/_partial/post/tag.ejs (15ms)
[debug] 09:12:19.775 Processed: layout/_partial/post/title.ejs (15ms)
[debug] 09:12:19.777 Theme config loaded
[debug] 09:12:19.777 Processed: _config.yml (21ms)
[debug] 09:12:19.939 Generator: archive (131ms)
[debug] 09:12:19.980 Generator: category (41ms)
[debug] 09:12:20.037 Generator: home (56ms)
[debug] 09:12:20.038 Generator: page (1ms)
[debug] 09:12:20.120 Generator: post (82ms)
[debug] 09:12:20.164 Generator: tag (44ms)
[debug] 09:12:20.220 Generator: generator-0 (54ms)
[debug] 09:12:20.265 Generator: generator-1 (45ms)
[debug] 09:12:20.267 Generator: asset (102ms)
[info] 09:12:20.267 Files loaded in 0.760s
[debug] 09:12:20.303 Render archive: archives/
[update] 09:12:20.594 Generated: archives/index.html (292ms)
[debug] 09:12:20.595 Render archive: archives/page/2/
[update] 09:12:20.636 Generated: archives/page/2/index.html (41ms)
[debug] 09:12:20.636 Render archive: archives/page/3/
[update] 09:12:20.673 Generated: archives/page/3/index.html (37ms)
[debug] 09:12:20.673 Render archive: archives/page/4/
[update] 09:12:20.714 Generated: archives/page/4/index.html (41ms)
[debug] 09:12:20.714 Render archive: archives/page/5/
[update] 09:12:20.749 Generated: archives/page/5/index.html (35ms)
[debug] 09:12:20.749 Render archive: archives/page/6/
[update] 09:12:20.793 Generated: archives/page/6/index.html (44ms)
[debug] 09:12:20.793 Render archive: archives/page/7/
[update] 09:12:20.825 Generated: archives/page/7/index.html (32ms)
[debug] 09:12:20.826 Render archive: archives/page/8/
[update] 09:12:20.862 Generated: archives/page/8/index.html (36ms)
[debug] 09:12:20.862 Render archive: archives/page/9/
[update] 09:12:20.893 Generated: archives/page/9/index.html (31ms)
[debug] 09:12:20.894 Render archive: archives/page/10/
[update] 09:12:20.939 Generated: archives/page/10/index.html (45ms)
[debug] 09:12:20.939 Render archive: archives/page/11/
[update] 09:12:20.958 Generated: archives/page/11/index.html (19ms)
[debug] 09:12:20.958 Render archive: archives/2011/
[update] 09:12:20.966 Generated: archives/2011/index.html (8ms)
[debug] 09:12:20.967 Render archive: archives/2011/12/
[update] 09:12:20.976 Generated: archives/2011/12/index.html (9ms)
[debug] 09:12:20.977 Render archive: archives/2012/
[update] 09:12:21.039 Generated: archives/2012/index.html (62ms)
[debug] 09:12:21.039 Render archive: archives/2012/page/2/
[update] 09:12:21.082 Generated: archives/2012/page/2/index.html (43ms)
[debug] 09:12:21.083 Render archive: archives/2012/page/3/
[update] 09:12:21.101 Generated: archives/2012/page/3/index.html (18ms)
[debug] 09:12:21.101 Render archive: archives/2012/05/
[update] 09:12:21.108 Generated: archives/2012/05/index.html (7ms)
[debug] 09:12:21.108 Render archive: archives/2012/07/
[update] 09:12:21.118 Generated: archives/2012/07/index.html (10ms)
[debug] 09:12:21.118 Render archive: archives/2012/08/
[update] 09:12:21.129 Generated: archives/2012/08/index.html (11ms)
[debug] 09:12:21.129 Render archive: archives/2012/10/
[update] 09:12:21.156 Generated: archives/2012/10/index.html (27ms)
[debug] 09:12:21.157 Render archive: archives/2012/11/
[update] 09:12:21.186 Generated: archives/2012/11/index.html (29ms)
[debug] 09:12:21.186 Render archive: archives/2012/12/
[update] 09:12:21.212 Generated: archives/2012/12/index.html (26ms)
[debug] 09:12:21.213 Render archive: archives/2013/
[update] 09:12:21.245 Generated: archives/2013/index.html (32ms)
[debug] 09:12:21.245 Render archive: archives/2013/page/2/
[update] 09:12:21.279 Generated: archives/2013/page/2/index.html (34ms)
[debug] 09:12:21.280 Render archive: archives/2013/page/3/
[update] 09:12:21.314 Generated: archives/2013/page/3/index.html (34ms)
[debug] 09:12:21.314 Render archive: archives/2013/01/
[update] 09:12:21.321 Generated: archives/2013/01/index.html (6ms)
[debug] 09:12:21.321 Render archive: archives/2013/03/
[update] 09:12:21.339 Generated: archives/2013/03/index.html (18ms)
[debug] 09:12:21.339 Render archive: archives/2013/04/
[update] 09:12:21.351 Generated: archives/2013/04/index.html (12ms)
[debug] 09:12:21.351 Render archive: archives/2013/05/
[update] 09:12:21.365 Generated: archives/2013/05/index.html (14ms)
[debug] 09:12:21.365 Render archive: archives/2013/06/
[update] 09:12:21.396 Generated: archives/2013/06/index.html (31ms)
[debug] 09:12:21.396 Render archive: archives/2013/08/
[update] 09:12:21.406 Generated: archives/2013/08/index.html (10ms)
[debug] 09:12:21.407 Render archive: archives/2013/09/
[update] 09:12:21.421 Generated: archives/2013/09/index.html (14ms)
[debug] 09:12:21.421 Render archive: archives/2013/10/
[update] 09:12:21.444 Generated: archives/2013/10/index.html (23ms)
[debug] 09:12:21.445 Render archive: archives/2013/11/
[update] 09:12:21.477 Generated: archives/2013/11/index.html (32ms)
[debug] 09:12:21.478 Render archive: archives/2013/12/
[update] 09:12:21.495 Generated: archives/2013/12/index.html (17ms)
[debug] 09:12:21.495 Render archive: archives/2014/
[update] 09:12:21.540 Generated: archives/2014/index.html (45ms)
[debug] 09:12:21.541 Render archive: archives/2014/page/2/
[update] 09:12:21.573 Generated: archives/2014/page/2/index.html (32ms)
[debug] 09:12:21.573 Render archive: archives/2014/page/3/
[update] 09:12:21.614 Generated: archives/2014/page/3/index.html (41ms)
[debug] 09:12:21.614 Render archive: archives/2014/page/4/
[update] 09:12:21.653 Generated: archives/2014/page/4/index.html (39ms)
[debug] 09:12:21.653 Render archive: archives/2014/page/5/
[update] 09:12:21.686 Generated: archives/2014/page/5/index.html (33ms)
[debug] 09:12:21.686 Render archive: archives/2014/01/
[update] 09:12:21.700 Generated: archives/2014/01/index.html (14ms)
[debug] 09:12:21.700 Render archive: archives/2014/02/
[update] 09:12:21.706 Generated: archives/2014/02/index.html (6ms)
[debug] 09:12:21.706 Render archive: archives/2014/03/
[update] 09:12:21.727 Generated: archives/2014/03/index.html (21ms)
[debug] 09:12:21.727 Render archive: archives/2014/04/
[update] 09:12:21.733 Generated: archives/2014/04/index.html (6ms)
[debug] 09:12:21.734 Render archive: archives/2014/05/
[update] 09:12:21.773 Generated: archives/2014/05/index.html (39ms)
[debug] 09:12:21.773 Render archive: archives/2014/05/page/2/
[update] 09:12:21.798 Generated: archives/2014/05/page/2/index.html (25ms)
[debug] 09:12:21.798 Render archive: archives/2014/06/
[update] 09:12:21.811 Generated: archives/2014/06/index.html (13ms)
[debug] 09:12:21.811 Render archive: archives/2014/07/
[update] 09:12:21.848 Generated: archives/2014/07/index.html (37ms)
[debug] 09:12:21.848 Render archive: archives/2014/07/page/2/
[update] 09:12:21.860 Generated: archives/2014/07/page/2/index.html (12ms)
[debug] 09:12:21.860 Render archive: archives/2014/08/
[update] 09:12:21.875 Generated: archives/2014/08/index.html (15ms)
[debug] 09:12:21.875 Render category: categories/每日一发/
[update] 09:12:21.924 Generated: categories/每日一发/index.html (49ms)
[debug] 09:12:21.924 Render category: categories/每日一发/page/2/
[update] 09:12:21.980 Generated: categories/每日一发/page/2/index.html (56ms)
[debug] 09:12:21.980 Render category: categories/每日一发/page/3/
[update] 09:12:21.989 Generated: categories/每日一发/page/3/index.html (9ms)
[debug] 09:12:21.989 Render category: categories/来思碑记/
[update] 09:12:22.050 Generated: categories/来思碑记/index.html (61ms)
[debug] 09:12:22.051 Render category: categories/来思碑记/page/2/
[update] 09:12:22.058 Generated: categories/来思碑记/page/2/index.html (7ms)
[debug] 09:12:22.058 Render category: categories/好文阅读点评/
[update] 09:12:22.065 Generated: categories/好文阅读点评/index.html (7ms)
[debug] 09:12:22.065 Render category: categories/Javascript/
[update] 09:12:22.100 Generated: categories/Javascript/index.html (35ms)
[debug] 09:12:22.100 Render category: categories/Javascript/page/2/
[update] 09:12:22.119 Generated: categories/Javascript/page/2/index.html (19ms)
[debug] 09:12:22.119 Render category: categories/CSS/
[update] 09:12:22.132 Generated: categories/CSS/index.html (13ms)
[debug] 09:12:22.132 Render category: categories/Tools/
[update] 09:12:22.160 Generated: categories/Tools/index.html (28ms)
[debug] 09:12:22.161 Render category: categories/HTML/
[update] 09:12:22.193 Generated: categories/HTML/index.html (32ms)
[debug] 09:12:22.193 Render category: categories/Hybrid/
[update] 09:12:22.213 Generated: categories/Hybrid/index.html (20ms)
[debug] 09:12:22.213 Render category: categories/碎片积累/
[update] 09:12:22.235 Generated: categories/碎片积累/index.html (22ms)
[debug] 09:12:22.235 Render category: categories/后台编程/
[update] 09:12:22.255 Generated: categories/后台编程/index.html (20ms)
[debug] 09:12:22.255 Render category: categories/Node/
[update] 09:12:22.328 Generated: categories/Node/index.html (73ms)
[debug] 09:12:22.328 Render category: categories/Node/page/2/
[update] 09:12:22.394 Generated: categories/Node/page/2/index.html (66ms)
[debug] 09:12:22.395 Render category: categories/Node/page/3/
[update] 09:12:22.423 Generated: categories/Node/page/3/index.html (28ms)
[debug] 09:12:22.423 Render category: categories/Linux/
[update] 09:12:22.431 Generated: categories/Linux/index.html (8ms)
[debug] 09:12:22.431 Render category: categories/Database/
[update] 09:12:22.449 Generated: categories/Database/index.html (18ms)
[debug] 09:12:22.450 Render category: categories/Translate/
[update] 09:12:22.457 Generated: categories/Translate/index.html (7ms)
[debug] 09:12:22.457 Render category: categories/Reading/
[update] 09:12:22.468 Generated: categories/Reading/index.html (11ms)
[debug] 09:12:22.469 Render index: 
[update] 09:12:22.524 Generated: index.html (55ms)
[debug] 09:12:22.524 Render index: page/2/
[update] 09:12:22.591 Generated: page/2/index.html (67ms)
[debug] 09:12:22.592 Render index: page/3/
[update] 09:12:22.682 Generated: page/3/index.html (90ms)
[debug] 09:12:22.683 Render index: page/4/
[update] 09:12:22.782 Generated: page/4/index.html (99ms)
[debug] 09:12:22.782 Render index: page/5/
[update] 09:12:22.878 Generated: page/5/index.html (96ms)
[debug] 09:12:22.879 Render index: page/6/
[update] 09:12:22.913 Generated: page/6/index.html (34ms)
[debug] 09:12:22.913 Render index: page/7/
[update] 09:12:22.947 Generated: page/7/index.html (34ms)
[debug] 09:12:22.947 Render index: page/8/
[update] 09:12:22.985 Generated: page/8/index.html (38ms)
[debug] 09:12:22.985 Render index: page/9/
[update] 09:12:23.021 Generated: page/9/index.html (36ms)
[debug] 09:12:23.022 Render index: page/10/
[update] 09:12:23.063 Generated: page/10/index.html (41ms)
[debug] 09:12:23.063 Render index: page/11/
[update] 09:12:23.079 Generated: page/11/index.html (16ms)
[debug] 09:12:23.079 Render page: about/index.html
[update] 09:12:23.098 Generated: about/index.html (19ms)
[debug] 09:12:23.098 Render post: Sass-学习笔记/
[update] 09:12:23.115 Generated: Sass-学习笔记/index.html (17ms)
[debug] 09:12:23.115 Render post: 阻止元素被选中及清除选中的方法/
[update] 09:12:23.129 Generated: 阻止元素被选中及清除选中的方法/index.html (14ms)
[debug] 09:12:23.129 Render post: 【译】HTML5-prefetch/
[update] 09:12:23.144 Generated: 【译】HTML5-prefetch/index.html (15ms)
[debug] 09:12:23.144 Render post: Git-fork-别人的项目后更新代码的方法/
[update] 09:12:23.152 Generated: Git-fork-别人的项目后更新代码的方法/index.html (8ms)
[debug] 09:12:23.153 Render post: Base-64-编码/
[update] 09:12:23.165 Generated: Base-64-编码/index.html (12ms)
[debug] 09:12:23.165 Render post: 使用CSS3的filter属性实现模糊效果/
[update] 09:12:23.178 Generated: 使用CSS3的filter属性实现模糊效果/index.html (12ms)
[debug] 09:12:23.178 Render post: meta-viewport-标签/
[update] 09:12:23.187 Generated: meta-viewport-标签/index.html (9ms)
[debug] 09:12:23.187 Render post: 2014-07-好文阅读点评/
[update] 09:12:23.199 Generated: 2014-07-好文阅读点评/index.html (12ms)
[debug] 09:12:23.200 Render post: XMLHttpRequest-对象新特性/
[update] 09:12:23.213 Generated: XMLHttpRequest-对象新特性/index.html (13ms)
[debug] 09:12:23.214 Render post: momentjs-学习笔记/
[update] 09:12:23.225 Generated: momentjs-学习笔记/index.html (11ms)
[debug] 09:12:23.225 Render post: 正则表达式/
[update] 09:12:23.237 Generated: 正则表达式/index.html (12ms)
[debug] 09:12:23.237 Render post: Velocity-学习笔记/
[update] 09:12:23.250 Generated: Velocity-学习笔记/index.html (13ms)
[debug] 09:12:23.250 Render post: NPM-update--g-错误的解决/
[update] 09:12:23.258 Generated: NPM-update--g-错误的解决/index.html (8ms)
[debug] 09:12:23.258 Render post: lodashjs-学习笔记/
[update] 09:12:23.274 Generated: lodashjs-学习笔记/index.html (16ms)
[debug] 09:12:23.274 Render post: MEANJS-学习笔记/
[update] 09:12:23.285 Generated: MEANJS-学习笔记/index.html (11ms)
[debug] 09:12:23.285 Render post: Karma-和-Jasmine-学习笔记/
[update] 09:12:23.301 Generated: Karma-和-Jasmine-学习笔记/index.html (16ms)
[debug] 09:12:23.302 Render post: svn-常用命令/
[update] 09:12:23.312 Generated: svn-常用命令/index.html (10ms)
[debug] 09:12:23.313 Render post: nodejs-进程与子进程/
[update] 09:12:23.324 Generated: nodejs-进程与子进程/index.html (11ms)
[debug] 09:12:23.325 Render post: html5-新特性尝鲜/
[update] 09:12:23.336 Generated: html5-新特性尝鲜/index.html (12ms)
[debug] 09:12:23.336 Render post: nodejs-编写命令行脚本/
[update] 09:12:23.345 Generated: nodejs-编写命令行脚本/index.html (9ms)
[debug] 09:12:23.346 Render post: ubuntu下部署nodejs+mongodb/
[update] 09:12:23.353 Generated: ubuntu下部署nodejs+mongodb/index.html (7ms)
[debug] 09:12:23.353 Render post: 前端工具收集/
[update] 09:12:23.361 Generated: 前端工具收集/index.html (7ms)
[debug] 09:12:23.361 Render post: 读书笔记-程序员的思维修炼/
[update] 09:12:23.369 Generated: 读书笔记-程序员的思维修炼/index.html (8ms)
[debug] 09:12:23.369 Render post: 编写爬虫会使用到的一些模块/
[update] 09:12:23.376 Generated: 编写爬虫会使用到的一些模块/index.html (7ms)
[debug] 09:12:23.376 Render post: mongoose-学习笔记/
[update] 09:12:23.384 Generated: mongoose-学习笔记/index.html (8ms)
[debug] 09:12:23.385 Render post: learnyounode-练习/
[update] 09:12:23.399 Generated: learnyounode-练习/index.html (14ms)
[debug] 09:12:23.400 Render post: git笔记/
[update] 09:12:23.423 Generated: git笔记/index.html (23ms)
[debug] 09:12:23.423 Render post: express提供的中间件/
[update] 09:12:23.453 Generated: express提供的中间件/index.html (30ms)
[debug] 09:12:23.454 Render post: mongodb-学习笔记/
[update] 09:12:23.483 Generated: mongodb-学习笔记/index.html (29ms)
[debug] 09:12:23.483 Render post: nodejs常用模块/
[update] 09:12:23.504 Generated: nodejs常用模块/index.html (21ms)
[debug] 09:12:23.504 Render post: 创建http:https服务器与客户端/
[update] 09:12:23.531 Generated: 创建http:https服务器与客户端/index.html (27ms)
[debug] 09:12:23.531 Render post: 使用net模块创建tcp服务器/
[update] 09:12:23.556 Generated: 使用net模块创建tcp服务器/index.html (25ms)
[debug] 09:12:23.557 Render post: linux_学习笔记/
[update] 09:12:23.579 Generated: linux_学习笔记/index.html (22ms)
[debug] 09:12:23.579 Render post: 使用_formdata_模拟表单控件/
[update] 09:12:23.596 Generated: 使用_formdata_模拟表单控件/index.html (17ms)
[debug] 09:12:23.597 Render post: grunt_学习笔记/
[update] 09:12:23.611 Generated: grunt_学习笔记/index.html (14ms)
[debug] 09:12:23.611 Render post: nodejs-fs模块操作文件系统/
[update] 09:12:23.631 Generated: nodejs-fs模块操作文件系统/index.html (20ms)
[debug] 09:12:23.631 Render post: nodejs-buffer对象/
[update] 09:12:23.655 Generated: nodejs-buffer对象/index.html (24ms)
[debug] 09:12:23.656 Render post: NPM SSL错误的解决/
[update] 09:12:23.668 Generated: NPM SSL错误的解决/index.html (12ms)
[debug] 09:12:23.668 Render post: 坎坷大学路-大三下/
[update] 09:12:23.675 Generated: 坎坷大学路-大三下/index.html (7ms)
[debug] 09:12:23.676 Render post: 初探Javascript的Device API/
[update] 09:12:23.685 Generated: 初探Javascript的Device API/index.html (10ms)
[debug] 09:12:23.685 Render post: MongoDB入门-CRUD简单操作 /
[update] 09:12:23.698 Generated: MongoDB入门-CRUD简单操作 /index.html (13ms)
[debug] 09:12:23.699 Render post: NODE入门-一些常用的DNS模块/
[update] 09:12:23.710 Generated: NODE入门-一些常用的DNS模块/index.html (11ms)
[debug] 09:12:23.710 Render post: HTML5与CSS3-新特性尝试/
[update] 09:12:23.722 Generated: HTML5与CSS3-新特性尝试/index.html (12ms)
[debug] 09:12:23.722 Render post: PhoneGap入门-用Ionic+Angular创建Hybrid应用/
[update] 09:12:23.734 Generated: PhoneGap入门-用Ionic+Angular创建Hybrid应用/index.html (12ms)
[debug] 09:12:23.734 Render post: NODE入门-简单爬虫/
[update] 09:12:23.746 Generated: NODE入门-简单爬虫/index.html (12ms)
[debug] 09:12:23.746 Render post: NODE入门-learnyounode练习/
[update] 09:12:23.757 Generated: NODE入门-learnyounode练习/index.html (11ms)
[debug] 09:12:23.757 Render post: NODE入门-简单的文件管理器/
[update] 09:12:23.768 Generated: NODE入门-简单的文件管理器/index.html (11ms)
[debug] 09:12:23.768 Render post: HTML5移动开发方案探索/
[update] 09:12:23.780 Generated: HTML5移动开发方案探索/index.html (12ms)
[debug] 09:12:23.781 Render post: NODE-写一个socket.io聊天室/
[update] 09:12:23.795 Generated: NODE-写一个socket.io聊天室/index.html (14ms)
[debug] 09:12:23.795 Render post: NODE-调试方法/
[update] 09:12:23.807 Generated: NODE-调试方法/index.html (12ms)
[debug] 09:12:23.808 Render post: HTML5-WebSocket API 学习/
[update] 09:12:23.824 Generated: HTML5-WebSocket API 学习/index.html (16ms)
[debug] 09:12:23.825 Render post: html5-file-api-e5ada6e4b9a0/
[update] 09:12:23.835 Generated: html5-file-api-e5ada6e4b9a0/index.html (10ms)
[debug] 09:12:23.835 Render post: 图片预加载和判断图片是否加载完成/
[update] 09:12:23.842 Generated: 图片预加载和判断图片是否加载完成/index.html (7ms)
[debug] 09:12:23.842 Render post: 坎坷大学路/
[update] 09:12:23.850 Generated: 坎坷大学路/index.html (8ms)
[debug] 09:12:23.850 Render post: Cookies学习笔记/
[update] 09:12:23.862 Generated: Cookies学习笔记/index.html (12ms)
[debug] 09:12:23.862 Render post: Javascript 闭包的学习/
[update] 09:12:23.869 Generated: Javascript 闭包的学习/index.html (7ms)
[debug] 09:12:23.869 Render post: javascript-e69c80e4bdb3e5ae9ee8b7b5/
[update] 09:12:23.877 Generated: javascript-e69c80e4bdb3e5ae9ee8b7b5/index.html (8ms)
[debug] 09:12:23.878 Render post: Javascript 异步加载/
[update] 09:12:23.884 Generated: Javascript 异步加载/index.html (6ms)
[debug] 09:12:23.884 Render post: 用MySQLdb包连接数据库/
[update] 09:12:23.892 Generated: 用MySQLdb包连接数据库/index.html (8ms)
[debug] 09:12:23.892 Render post: Mac OS 下MySQL配置与乱码解决/
[update] 09:12:23.899 Generated: Mac OS 下MySQL配置与乱码解决/index.html (7ms)
[debug] 09:12:23.899 Render post: CSS最佳实践/
[update] 09:12:23.915 Generated: CSS最佳实践/index.html (16ms)
[debug] 09:12:23.915 Render post: Git 学习笔记/
[update] 09:12:23.921 Generated: Git 学习笔记/index.html (6ms)
[debug] 09:12:23.922 Render post: wordpress for SAE 搬家心得/
[update] 09:12:23.929 Generated: wordpress for SAE 搬家心得/index.html (7ms)
[debug] 09:12:23.929 Render post: jQuery碎片积累/
[update] 09:12:23.940 Generated: jQuery碎片积累/index.html (11ms)
[debug] 09:12:23.940 Render post: Javascript碎片积累/
[update] 09:12:23.955 Generated: Javascript碎片积累/index.html (15ms)
[debug] 09:12:23.955 Render post: Goagent使用心得/
[update] 09:12:23.965 Generated: Goagent使用心得/index.html (10ms)
[debug] 09:12:23.965 Render post: 2013-05-瀑布流效果的制作/
[update] 09:12:23.971 Generated: 2013-05-瀑布流效果的制作/index.html (6ms)
[debug] 09:12:23.972 Render post: 天酬勤·笨先飞/
[update] 09:12:23.978 Generated: 天酬勤·笨先飞/index.html (6ms)
[debug] 09:12:23.978 Render post: 2013-04-鼠标悬浮图片出现描述信息/
[update] 09:12:23.984 Generated: 2013-04-鼠标悬浮图片出现描述信息/index.html (6ms)
[debug] 09:12:23.984 Render post: 绝对有惊喜！！！/
[update] 09:12:23.990 Generated: 绝对有惊喜！！！/index.html (6ms)
[debug] 09:12:23.990 Render post: jQuery动画函数animate()的学习/
[update] 09:12:23.996 Generated: jQuery动画函数animate()的学习/index.html (6ms)
[debug] 09:12:23.996 Render post: JSON数据类型的学习/
[update] 09:12:24.005 Generated: JSON数据类型的学习/index.html (9ms)
[debug] 09:12:24.005 Render post: 2013-03-jquery.ajax()表单验证练习/
[update] 09:12:24.018 Generated: 2013-03-jquery.ajax()表单验证练习/index.html (13ms)
[debug] 09:12:24.018 Render post: 2013-03-CSS和JQuery多方式Tab练习/
[update] 09:12:24.028 Generated: 2013-03-CSS和JQuery多方式Tab练习/index.html (10ms)
[debug] 09:12:24.028 Render post: 2013-03-CSS和JQuery下拉菜单练习/
[update] 09:12:24.034 Generated: 2013-03-CSS和JQuery下拉菜单练习/index.html (6ms)
[debug] 09:12:24.034 Render post: CSS碎片积累/
[update] 09:12:24.045 Generated: CSS碎片积累/index.html (11ms)
[debug] 09:12:24.045 Render post: 2013，顾自地来了/
[update] 09:12:24.053 Generated: 2013，顾自地来了/index.html (8ms)
[debug] 09:12:24.053 Render post: 2012-12-仿学校官网主页/
[update] 09:12:24.065 Generated: 2012-12-仿学校官网主页/index.html (12ms)
[debug] 09:12:24.065 Render post: 人在囧途/
[update] 09:12:24.077 Generated: 人在囧途/index.html (12ms)
[debug] 09:12:24.077 Render post: 圣诞贺卡-世界末日-冬至-想家/
[update] 09:12:24.093 Generated: 圣诞贺卡-世界末日-冬至-想家/index.html (16ms)
[debug] 09:12:24.094 Render post: 小赖的职业生涯规划书/
[update] 09:12:24.112 Generated: 小赖的职业生涯规划书/index.html (18ms)
[debug] 09:12:24.112 Render post: 2012-12-新练习 /
[update] 09:12:24.125 Generated: 2012-12-新练习 /index.html (13ms)
[debug] 09:12:24.125 Render post: Meta标签属性学习/
[update] 09:12:24.141 Generated: Meta标签属性学习/index.html (16ms)
[debug] 09:12:24.142 Render post: web前端开发入门提高 js书籍/
[update] 09:12:24.150 Generated: web前端开发入门提高 js书籍/index.html (8ms)
[debug] 09:12:24.150 Render post: 2012-11-13-网页div浮动布局CSS3属性尝试/
[update] 09:12:24.164 Generated: 2012-11-13-网页div浮动布局CSS3属性尝试/index.html (14ms)
[debug] 09:12:24.165 Render post: 2012-11-12-CSS剪贴图像的几种方法 /
[update] 09:12:24.172 Generated: 2012-11-12-CSS剪贴图像的几种方法 /index.html (7ms)
[debug] 09:12:24.172 Render post: 2012-11-11-CSS3几个新属性的测试/
[update] 09:12:24.182 Generated: 2012-11-11-CSS3几个新属性的测试/index.html (10ms)
[debug] 09:12:24.182 Render post: 2012-11-06-仿Win8界面/
[update] 09:12:24.193 Generated: 2012-11-06-仿Win8界面/index.html (11ms)
[debug] 09:12:24.193 Render post: 2012-11-05-瀑布流效果/
[update] 09:12:24.203 Generated: 2012-11-05-瀑布流效果/index.html (10ms)
[debug] 09:12:24.204 Render post: 2012-11-03-网页中间弹出文本框/
[update] 09:12:24.213 Generated: 2012-11-03-网页中间弹出文本框/index.html (9ms)
[debug] 09:12:24.213 Render post: 2012-10-31-动态划出窗口信息/
[update] 09:12:24.223 Generated: 2012-10-31-动态划出窗口信息/index.html (10ms)
[debug] 09:12:24.223 Render post: 2012-10-30-CSS3写动态进度条/
[update] 09:12:24.231 Generated: 2012-10-30-CSS3写动态进度条/index.html (8ms)
[debug] 09:12:24.231 Render post: 2012-10-29-光标悬浮时其他区域变暗/
[update] 09:12:24.242 Generated: 2012-10-29-光标悬浮时其他区域变暗/index.html (11ms)
[debug] 09:12:24.242 Render post: 2012-10-26-下拉菜单和标签页效果/
[update] 09:12:24.250 Generated: 2012-10-26-下拉菜单和标签页效果/index.html (8ms)
[debug] 09:12:24.250 Render post: 2012-10-25-几个小练习/
[update] 09:12:24.259 Generated: 2012-10-25-几个小练习/index.html (9ms)
[debug] 09:12:24.260 Render post: 2012-10-24-改变光标的样式/
[update] 09:12:24.275 Generated: 2012-10-24-改变光标的样式/index.html (15ms)
[debug] 09:12:24.275 Render post: JQuery常用方法/
[update] 09:12:24.316 Generated: JQuery常用方法/index.html (41ms)
[debug] 09:12:24.317 Render post: 《JavaScript精粹》笔记/
[update] 09:12:24.333 Generated: 《JavaScript精粹》笔记/index.html (16ms)
[debug] 09:12:24.333 Render post: 2012文教夏令营/
[update] 09:12:24.346 Generated: 2012文教夏令营/index.html (13ms)
[debug] 09:12:24.346 Render post: 写在2012暑假/
[update] 09:12:24.356 Generated: 写在2012暑假/index.html (10ms)
[debug] 09:12:24.356 Render post: 《锋利的JQuery》笔记/
[update] 09:12:24.375 Generated: 《锋利的JQuery》笔记/index.html (19ms)
[debug] 09:12:24.375 Render post: 第二通懒觉引发的心里革命/
[update] 09:12:24.386 Generated: 第二通懒觉引发的心里革命/index.html (11ms)
[debug] 09:12:24.386 Render post: 一通懒觉引发的心理革命/
[update] 09:12:24.401 Generated: 一通懒觉引发的心理革命/index.html (15ms)
[debug] 09:12:24.402 Render tag: tags/好文阅读/
[update] 09:12:24.417 Generated: tags/好文阅读/index.html (15ms)
[debug] 09:12:24.417 Render tag: tags/base64/
[update] 09:12:24.433 Generated: tags/base64/index.html (16ms)
[debug] 09:12:24.433 Render tag: tags/最佳实践/
[update] 09:12:24.457 Generated: tags/最佳实践/index.html (24ms)
[debug] 09:12:24.457 Render tag: tags/碎片/
[update] 09:12:24.490 Generated: tags/碎片/index.html (33ms)
[debug] 09:12:24.491 Render tag: tags/cookies/
[update] 09:12:24.498 Generated: tags/cookies/index.html (7ms)
[debug] 09:12:24.499 Render tag: tags/git/
[update] 09:12:24.508 Generated: tags/git/index.html (9ms)
[debug] 09:12:24.509 Render tag: tags/goagent/
[update] 09:12:24.516 Generated: tags/goagent/index.html (7ms)
[debug] 09:12:24.516 Render tag: tags/html5/
[update] 09:12:24.529 Generated: tags/html5/index.html (13ms)
[debug] 09:12:24.529 Render tag: tags/socket/
[update] 09:12:24.545 Generated: tags/socket/index.html (16ms)
[debug] 09:12:24.546 Render tag: tags/websocket/
[update] 09:12:24.552 Generated: tags/websocket/index.html (6ms)
[debug] 09:12:24.553 Render tag: tags/flex/
[update] 09:12:24.561 Generated: tags/flex/index.html (8ms)
[debug] 09:12:24.561 Render tag: tags/jquery/
[update] 09:12:24.576 Generated: tags/jquery/index.html (15ms)
[debug] 09:12:24.576 Render tag: tags/json/
[update] 09:12:24.585 Generated: tags/json/index.html (9ms)
[debug] 09:12:24.585 Render tag: tags/async/
[update] 09:12:24.594 Generated: tags/async/index.html (9ms)
[debug] 09:12:24.595 Render tag: tags/闭包/
[update] 09:12:24.601 Generated: tags/闭包/index.html (6ms)
[debug] 09:12:24.602 Render tag: tags/jasmine/
[update] 09:12:24.608 Generated: tags/jasmine/index.html (6ms)
[debug] 09:12:24.608 Render tag: tags/karma/
[update] 09:12:24.615 Generated: tags/karma/index.html (7ms)
[debug] 09:12:24.615 Render tag: tags/mysql/
[update] 09:12:24.626 Generated: tags/mysql/index.html (11ms)
[debug] 09:12:24.627 Render tag: tags/python/
[update] 09:12:24.637 Generated: tags/python/index.html (10ms)
[debug] 09:12:24.638 Render tag: tags/meta/
[update] 09:12:24.657 Generated: tags/meta/index.html (19ms)
[debug] 09:12:24.657 Render tag: tags/mongodb/
[update] 09:12:24.670 Generated: tags/mongodb/index.html (13ms)
[debug] 09:12:24.670 Render tag: tags/debug/
[update] 09:12:24.683 Generated: tags/debug/index.html (13ms)
[debug] 09:12:24.684 Render tag: tags/dns/
[update] 09:12:24.701 Generated: tags/dns/index.html (17ms)
[debug] 09:12:24.701 Render tag: tags/spider/
[update] 09:12:24.712 Generated: tags/spider/index.html (11ms)
[debug] 09:12:24.713 Render tag: tags/node/
[update] 09:12:24.724 Generated: tags/node/index.html (11ms)
[debug] 09:12:24.724 Render tag: tags/fs/
[update] 09:12:24.740 Generated: tags/fs/index.html (16ms)
[debug] 09:12:24.740 Render tag: tags/NPM/
[update] 09:12:24.748 Generated: tags/NPM/index.html (8ms)
[debug] 09:12:24.748 Render tag: tags/npm/
[create] 09:12:24.757 Generated: tags/npm/index.html (9ms)
[debug] 09:12:24.757 Render tag: tags/Phonegap/
[update] 09:12:24.768 Generated: tags/Phonegap/index.html (11ms)
[debug] 09:12:24.768 Render tag: tags/vm/
[update] 09:12:24.780 Generated: tags/vm/index.html (12ms)
[debug] 09:12:24.780 Render tag: tags/ajax/
[update] 09:12:24.787 Generated: tags/ajax/index.html (7ms)
[debug] 09:12:24.787 Render tag: tags/Express/
[update] 09:12:24.798 Generated: tags/Express/index.html (11ms)
[debug] 09:12:24.798 Render tag: tags/middleware/
[update] 09:12:24.806 Generated: tags/middleware/index.html (8ms)
[debug] 09:12:24.806 Render tag: tags/Tools/
[update] 09:12:24.821 Generated: tags/Tools/index.html (15ms)
[debug] 09:12:24.821 Render tag: tags/Git/
[create] 09:12:24.827 Generated: tags/Git/index.html (6ms)
[debug] 09:12:24.827 Render tag: tags/Grunt/
[update] 09:12:24.834 Generated: tags/Grunt/index.html (7ms)
[debug] 09:12:24.835 Render tag: tags/fileupload/
[update] 09:12:24.843 Generated: tags/fileupload/index.html (8ms)
[debug] 09:12:24.843 Render tag: tags/HTML5/
[create] 09:12:24.850 Generated: tags/HTML5/index.html (7ms)
[debug] 09:12:24.851 Render tag: tags/Notification/
[update] 09:12:24.857 Generated: tags/Notification/index.html (6ms)
[debug] 09:12:24.857 Render tag: tags/animate/
[update] 09:12:24.864 Generated: tags/animate/index.html (7ms)
[debug] 09:12:24.864 Render tag: tags/Node/
[create] 09:12:24.887 Generated: tags/Node/index.html (23ms)
[debug] 09:12:24.887 Render tag: tags/learnyounode/
[update] 09:12:24.894 Generated: tags/learnyounode/index.html (7ms)
[debug] 09:12:24.894 Render tag: tags/-linux/
[update] 09:12:24.905 Generated: tags/-linux/index.html (11ms)
[debug] 09:12:24.905 Render tag: tags/lodash/
[update] 09:12:24.916 Generated: tags/lodash/index.html (11ms)
[debug] 09:12:24.916 Render tag: tags/viewport/
[update] 09:12:24.923 Generated: tags/viewport/index.html (7ms)
[debug] 09:12:24.923 Render tag: tags/moment/
[update] 09:12:24.931 Generated: tags/moment/index.html (8ms)
[debug] 09:12:24.931 Render tag: tags/MongoDb/
[create] 09:12:24.938 Generated: tags/MongoDb/index.html (7ms)
[debug] 09:12:24.938 Render tag: tags/Mongoose/
[update] 09:12:24.948 Generated: tags/Mongoose/index.html (10ms)
[debug] 09:12:24.948 Render tag: tags/Mongo/
[update] 09:12:24.958 Generated: tags/Mongo/index.html (10ms)
[debug] 09:12:24.958 Render tag: tags/Database/
[update] 09:12:24.967 Generated: tags/Database/index.html (9ms)
[debug] 09:12:24.968 Render tag: tags/buffer/
[update] 09:12:24.975 Generated: tags/buffer/index.html (7ms)
[debug] 09:12:24.975 Render tag: tags/path/
[update] 09:12:24.982 Generated: tags/path/index.html (7ms)
[debug] 09:12:24.982 Render tag: tags/Child_process/
[update] 09:12:24.989 Generated: tags/Child_process/index.html (7ms)
[debug] 09:12:24.989 Render tag: tags/Cluster/
[update] 09:12:24.996 Generated: tags/Cluster/index.html (7ms)
[debug] 09:12:24.996 Render tag: tags/Node-modules/
[update] 09:12:25.010 Generated: tags/Node-modules/index.html (14ms)
[debug] 09:12:25.011 Render tag: tags/SVN/
[update] 09:12:25.020 Generated: tags/SVN/index.html (9ms)
[debug] 09:12:25.021 Render tag: tags/Ubuntu/
[update] 09:12:25.031 Generated: tags/Ubuntu/index.html (10ms)
[debug] 09:12:25.031 Render tag: tags/前端/
[update] 09:12:25.041 Generated: tags/前端/index.html (10ms)
[debug] 09:12:25.041 Render tag: tags/wordpress/
[update] 09:12:25.053 Generated: tags/wordpress/index.html (12ms)
[debug] 09:12:25.053 Render tag: tags/SAE/
[update] 09:12:25.063 Generated: tags/SAE/index.html (10ms)
[debug] 09:12:25.063 Render tag: tags/prefetch/
[update] 09:12:25.073 Generated: tags/prefetch/index.html (10ms)
[debug] 09:12:25.073 Render tag: tags/filter/
[update] 09:12:25.082 Generated: tags/filter/index.html (9ms)
[debug] 09:12:25.082 Render tag: tags/blur/
[update] 09:12:25.093 Generated: tags/blur/index.html (11ms)
[debug] 09:12:25.093 Render tag: tags/FormData/
[update] 09:12:25.103 Generated: tags/FormData/index.html (10ms)
[debug] 09:12:25.104 Render tag: tags/net/
[update] 09:12:25.114 Generated: tags/net/index.html (10ms)
[debug] 09:12:25.114 Render tag: tags/tcp/
[update] 09:12:25.123 Generated: tags/tcp/index.html (9ms)
[debug] 09:12:25.124 Render tag: tags/HTTP/
[update] 09:12:25.140 Generated: tags/HTTP/index.html (16ms)
[debug] 09:12:25.140 Render tag: tags/HTTPS/
[update] 09:12:25.157 Generated: tags/HTTPS/index.html (17ms)
[debug] 09:12:25.157 Render tag: tags/Notes/
[update] 09:12:25.168 Generated: tags/Notes/index.html (11ms)
[debug] 09:12:25.168 Render tag: tags/职业规划/
[update] 09:12:25.182 Generated: tags/职业规划/index.html (14ms)
[debug] 09:12:25.182 Render tag: tags/Crawler/
[update] 09:12:25.196 Generated: tags/Crawler/index.html (14ms)
[debug] 09:12:25.197 Render tag: tags/Spider/
[create] 09:12:25.210 Generated: tags/Spider/index.html (13ms)
[debug] 09:12:25.210 Render tag: tags/clearSelect/
[update] 09:12:25.223 Generated: tags/clearSelect/index.html (13ms)
[update] 09:12:25.226 Generated: atom.xml (2ms)
[update] 09:12:25.227 Generated: sitemap.xml (1ms)
